[    0.000000] Linux version 4.15.0-143-generic (buildd@lcy01-amd64-001) (gcc version 7.5.0 (Ubuntu 7.5.0-3ubuntu1~18.04)) #147-Ubuntu SMP Wed Apr 14 16:10:11 UTC 2021 (Ubuntu 4.15.0-143.147-generic 4.15.18)
[    0.000000] Command line: BOOT_IMAGE=/boot/vmlinuz-4.15.0-143-generic root=LABEL=cloudimg-rootfs ro console=tty1 console=ttyS0
[    0.000000] KERNEL supported cpus:
[    0.000000]   Intel GenuineIntel
[    0.000000]   AMD AuthenticAMD
[    0.000000]   Centaur CentaurHauls
[    0.000000] [Firmware Bug]: TSC doesn't count with P0 frequency!
[    0.000000] x86/fpu: Supporting XSAVE feature 0x001: 'x87 floating point registers'
[    0.000000] x86/fpu: Supporting XSAVE feature 0x002: 'SSE registers'
[    0.000000] x86/fpu: Supporting XSAVE feature 0x004: 'AVX registers'
[    0.000000] x86/fpu: xstate_offset[2]:  576, xstate_sizes[2]:  256
[    0.000000] x86/fpu: Enabled xstate features 0x7, context size is 832 bytes, using 'standard' format.
[    0.000000] e820: BIOS-provided physical RAM map:
[    0.000000] BIOS-e820: [mem 0x0000000000000000-0x000000000009fbff] usable
[    0.000000] BIOS-e820: [mem 0x000000000009fc00-0x000000000009ffff] reserved
[    0.000000] BIOS-e820: [mem 0x00000000000f0000-0x00000000000fffff] reserved
[    0.000000] BIOS-e820: [mem 0x0000000000100000-0x000000007ffeffff] usable
[    0.000000] BIOS-e820: [mem 0x000000007fff0000-0x000000007fffffff] ACPI data
[    0.000000] BIOS-e820: [mem 0x00000000fec00000-0x00000000fec00fff] reserved
[    0.000000] BIOS-e820: [mem 0x00000000fee00000-0x00000000fee00fff] reserved
[    0.000000] BIOS-e820: [mem 0x00000000fffc0000-0x00000000ffffffff] reserved
[    0.000000] NX (Execute Disable) protection: active
[    0.000000] SMBIOS 2.5 present.
[    0.000000] DMI: innotek GmbH VirtualBox/VirtualBox, BIOS VirtualBox 12/01/2006
[    0.000000] Hypervisor detected: KVM
[    0.000000] e820: last_pfn = 0x7fff0 max_arch_pfn = 0x400000000
[    0.000000] MTRR: Disabled
[    0.000000] x86/PAT: MTRRs disabled, skipping PAT initialization too.
[    0.000000] CPU MTRRs all blank - virtualized system.
[    0.000000] x86/PAT: Configuration [0-7]: WB  WT  UC- UC  WB  WT  UC- UC  
[    0.000000] found SMP MP-table at [mem 0x0009fff0-0x0009ffff]
[    0.000000] Scanning 1 areas for low memory corruption
[    0.000000] RAMDISK: [mem 0x359d3000-0x36ce0fff]
[    0.000000] ACPI: Early table checksum verification disabled
[    0.000000] ACPI: RSDP 0x00000000000E0000 000024 (v02 VBOX  )
[    0.000000] ACPI: XSDT 0x000000007FFF0030 00003C (v01 VBOX   VBOXXSDT 00000001 ASL  00000061)
[    0.000000] ACPI: FACP 0x000000007FFF00F0 0000F4 (v04 VBOX   VBOXFACP 00000001 ASL  00000061)
[    0.000000] ACPI: DSDT 0x000000007FFF0470 002325 (v02 VBOX   VBOXBIOS 00000002 INTL 20190509)
[    0.000000] ACPI: FACS 0x000000007FFF0200 000040
[    0.000000] ACPI: FACS 0x000000007FFF0200 000040
[    0.000000] ACPI: APIC 0x000000007FFF0240 00005C (v02 VBOX   VBOXAPIC 00000001 ASL  00000061)
[    0.000000] ACPI: SSDT 0x000000007FFF02A0 0001CC (v01 VBOX   VBOXCPUT 00000002 INTL 20190509)
[    0.000000] No NUMA configuration found
[    0.000000] Faking a node at [mem 0x0000000000000000-0x000000007ffeffff]
[    0.000000] NODE_DATA(0) allocated [mem 0x7ffc5000-0x7ffeffff]
[    0.000000] kvm-clock: cpu 0, msr 0:7ff44001, primary cpu clock
[    0.000000] kvm-clock: Using msrs 4b564d01 and 4b564d00
[    0.000000] kvm-clock: using sched offset of 3280796355 cycles
[    0.000000] clocksource: kvm-clock: mask: 0xffffffffffffffff max_cycles: 0x1cd42e4dffb, max_idle_ns: 881590591483 ns
[    0.000000] Zone ranges:
[    0.000000]   DMA      [mem 0x0000000000001000-0x0000000000ffffff]
[    0.000000]   DMA32    [mem 0x0000000001000000-0x000000007ffeffff]
[    0.000000]   Normal   empty
[    0.000000]   Device   empty
[    0.000000] Movable zone start for each node
[    0.000000] Early memory node ranges
[    0.000000]   node   0: [mem 0x0000000000001000-0x000000000009efff]
[    0.000000]   node   0: [mem 0x0000000000100000-0x000000007ffeffff]
[    0.000000] Reserved but unavailable: 98 pages
[    0.000000] Initmem setup node 0 [mem 0x0000000000001000-0x000000007ffeffff]
[    0.000000] ACPI: PM-Timer IO Port: 0x4008
[    0.000000] IOAPIC[0]: apic_id 2, version 32, address 0xfec00000, GSI 0-23
[    0.000000] ACPI: INT_SRC_OVR (bus 0 bus_irq 0 global_irq 2 dfl dfl)
[    0.000000] ACPI: INT_SRC_OVR (bus 0 bus_irq 9 global_irq 9 low level)
[    0.000000] Using ACPI (MADT) for SMP configuration information
[    0.000000] smpboot: Allowing 2 CPUs, 0 hotplug CPUs
[    0.000000] PM: Registered nosave memory: [mem 0x00000000-0x00000fff]
[    0.000000] PM: Registered nosave memory: [mem 0x0009f000-0x0009ffff]
[    0.000000] PM: Registered nosave memory: [mem 0x000a0000-0x000effff]
[    0.000000] PM: Registered nosave memory: [mem 0x000f0000-0x000fffff]
[    0.000000] e820: [mem 0x80000000-0xfebfffff] available for PCI devices
[    0.000000] Booting paravirtualized kernel on KVM
[    0.000000] clocksource: refined-jiffies: mask: 0xffffffff max_cycles: 0xffffffff, max_idle_ns: 7645519600211568 ns
[    0.000000] random: get_random_bytes called from start_kernel+0x99/0x500 with crng_init=0
[    0.000000] setup_percpu: NR_CPUS:8192 nr_cpumask_bits:2 nr_cpu_ids:2 nr_node_ids:1
[    0.000000] percpu: Embedded 45 pages/cpu s147456 r8192 d28672 u1048576
[    0.000000] PV qspinlock hash table entries: 256 (order: 0, 4096 bytes)
[    0.000000] Built 1 zonelists, mobility grouping on.  Total pages: 515961
[    0.000000] Policy zone: DMA32
[    0.000000] Kernel command line: BOOT_IMAGE=/boot/vmlinuz-4.15.0-143-generic root=LABEL=cloudimg-rootfs ro console=tty1 console=ttyS0
[    0.000000] Memory: 2014920K/2096696K available (12300K kernel code, 2483K rwdata, 4316K rodata, 2444K init, 2724K bss, 81776K reserved, 0K cma-reserved)
[    0.000000] SLUB: HWalign=64, Order=0-3, MinObjects=0, CPUs=2, Nodes=1
[    0.000000] ftrace: allocating 39437 entries in 155 pages
[    0.004000] Hierarchical RCU implementation.
[    0.004000] 	RCU restricting CPUs from NR_CPUS=8192 to nr_cpu_ids=2.
[    0.004000] 	Tasks RCU enabled.
[    0.004000] RCU: Adjusting geometry for rcu_fanout_leaf=16, nr_cpu_ids=2
[    0.004000] NR_IRQS: 524544, nr_irqs: 440, preallocated irqs: 16
[    0.004000] Console: colour VGA+ 80x25
[    0.004000] console [tty1] enabled
[    0.004000] console [ttyS0] enabled
[    0.004000] ACPI: Core revision 20170831
[    0.004000] ACPI: 2 ACPI AML tables successfully acquired and loaded
[    0.004000] APIC: Switch to symmetric I/O mode setup
[    0.004000] x2apic enabled
[    0.004000] Switched APIC routing to physical x2apic.
[    0.004000] ..TIMER: vector=0x30 apic1=0 pin1=2 apic2=-1 pin2=-1
[    0.004000] tsc: Detected 2295.674 MHz processor
[    0.004000] Calibrating delay loop (skipped) preset value.. 4591.34 BogoMIPS (lpj=9182696)
[    0.004000] pid_max: default: 32768 minimum: 301
[    0.004000] Security Framework initialized
[    0.004000] Yama: becoming mindful.
[    0.004000] AppArmor: AppArmor initialized
[    0.004000] Dentry cache hash table entries: 262144 (order: 9, 2097152 bytes)
[    0.004000] Inode-cache hash table entries: 131072 (order: 8, 1048576 bytes)
[    0.004000] Mount-cache hash table entries: 4096 (order: 3, 32768 bytes)
[    0.004000] Mountpoint-cache hash table entries: 4096 (order: 3, 32768 bytes)
[    0.004000] Last level iTLB entries: 4KB 1024, 2MB 1024, 4MB 512
[    0.004000] Last level dTLB entries: 4KB 1536, 2MB 1536, 4MB 768, 1GB 0
[    0.004000] Spectre V1 : Mitigation: usercopy/swapgs barriers and __user pointer sanitization
[    0.004000] Spectre V2 : Spectre mitigation: LFENCE not serializing, switching to generic retpoline
[    0.004000] Spectre V2 : Mitigation: Full generic retpoline
[    0.004000] Spectre V2 : Spectre v2 / SpectreRSB mitigation: Filling RSB on context switch
[    0.004000] Speculative Store Bypass: Mitigation: Speculative Store Bypass disabled via prctl and seccomp
[    0.004000] Freeing SMP alternatives memory: 36K
[    0.125039] APIC calibration not consistent with PM-Timer: 105ms instead of 100ms
[    0.125789] APIC delta adjusted to PM-Timer: 6289492 (6606257)
[    0.126376] smpboot: CPU0: AMD Ryzen 7 3750H with Radeon Vega Mobile Gfx (family: 0x17, model: 0x18, stepping: 0x1)
[    0.127395] Performance Events: PMU not available due to virtualization, using software events only.
[    0.128000] Hierarchical SRCU implementation.
[    0.128000] NMI watchdog: Perf event create on CPU 0 failed with -2
[    0.128000] NMI watchdog: Perf NMI watchdog permanently disabled
[    0.128048] smp: Bringing up secondary CPUs ...
[    0.128580] x86: Booting SMP configuration:
[    0.129005] .... node  #0, CPUs:      #1
[    0.004000] kvm-clock: cpu 1, msr 0:7ff44041, secondary cpu clock
[    0.132031] smp: Brought up 1 node, 2 CPUs
[    0.132417] smpboot: Max logical packages: 1
[    0.132864] smpboot: Total of 2 processors activated (9182.69 BogoMIPS)
[    0.133603] devtmpfs: initialized
[    0.133603] x86/mm: Memory block size: 128MB
[    0.133603] evm: security.selinux
[    0.136008] evm: security.SMACK64
[    0.136371] evm: security.SMACK64EXEC
[    0.136758] evm: security.SMACK64TRANSMUTE
[    0.137178] evm: security.SMACK64MMAP
[    0.137563] evm: security.apparmor
[    0.137929] evm: security.ima
[    0.138258] evm: security.capability
[    0.138655] clocksource: jiffies: mask: 0xffffffff max_cycles: 0xffffffff, max_idle_ns: 7645041785100000 ns
[    0.138655] futex hash table entries: 512 (order: 3, 32768 bytes)
[    0.140074] pinctrl core: initialized pinctrl subsystem
[    0.141297] RTC time: 13:32:49, date: 06/06/21
[    0.142526] NET: Registered protocol family 16
[    0.143559] audit: initializing netlink subsys (disabled)
[    0.144026] audit: type=2000 audit(1622986374.394:1): state=initialized audit_enabled=0 res=1
[    0.144811] cpuidle: using governor ladder
[    0.144811] cpuidle: using governor menu
[    0.148085] ACPI: bus type PCI registered
[    0.148085] acpiphp: ACPI Hot Plug PCI Controller Driver version: 0.5
[    0.148775] PCI: Using configuration type 1 for base access
[    0.149295] PCI: Using configuration type 1 for extended access
[    0.152059] HugeTLB registered 2.00 MiB page size, pre-allocated 0 pages
[    0.153729] ACPI: Added _OSI(Module Device)
[    0.156007] ACPI: Added _OSI(Processor Device)
[    0.157109] ACPI: Added _OSI(3.0 _SCP Extensions)
[    0.158206] ACPI: Added _OSI(Processor Aggregator Device)
[    0.159421] ACPI: Added _OSI(Linux-Dell-Video)
[    0.160007] ACPI: Added _OSI(Linux-Lenovo-NV-HDMI-Audio)
[    0.161271] ACPI: Added _OSI(Linux-HPI-Hybrid-Graphics)
[    0.164310] ACPI: Executed 1 blocks of module-level executable AML code
[    0.169594] ACPI: Interpreter enabled
[    0.169996] ACPI: (supports S0 S5)
[    0.170364] ACPI: Using IOAPIC for interrupt routing
[    0.171038] PCI: Using host bridge windows from ACPI; if necessary, use "pci=nocrs" and report a bug
[    0.171949] ACPI: Enabled 2 GPEs in block 00 to 07
[    0.176458] ACPI: PCI Root Bridge [PCI0] (domain 0000 [bus 00-ff])
[    0.177050] acpi PNP0A03:00: _OSC: OS supports [ExtendedConfig ASPM ClockPM Segments MSI]
[    0.178617] acpi PNP0A03:00: _OSC: platform does not support [PCIeCapability]
[    0.179656] acpi PNP0A03:00: _OSC: not requesting control; platform does not support [PCIeCapability]
[    0.180003] acpi PNP0A03:00: _OSC: OS requested [PCIeHotplug PME AER PCIeCapability]
[    0.180720] acpi PNP0A03:00: _OSC: platform willing to grant [PCIeHotplug PME AER]
[    0.181421] acpi PNP0A03:00: _OSC failed (AE_SUPPORT); disabling ASPM
[    0.182234] PCI host bridge to bus 0000:00
[    0.183038] pci_bus 0000:00: root bus resource [io  0x0000-0x0cf7 window]
[    0.184003] pci_bus 0000:00: root bus resource [io  0x0d00-0xffff window]
[    0.184613] pci_bus 0000:00: root bus resource [mem 0x000a0000-0x000bffff window]
[    0.185305] pci_bus 0000:00: root bus resource [mem 0x80000000-0xfdffffff window]
[    0.186001] pci_bus 0000:00: root bus resource [bus 00-ff]
[    0.187341] pci 0000:00:01.1: legacy IDE quirk: reg 0x10: [io  0x01f0-0x01f7]
[    0.188003] pci 0000:00:01.1: legacy IDE quirk: reg 0x14: [io  0x03f6]
[    0.188618] pci 0000:00:01.1: legacy IDE quirk: reg 0x18: [io  0x0170-0x0177]
[    0.189257] pci 0000:00:01.1: legacy IDE quirk: reg 0x1c: [io  0x0376]
[    0.219107] pci 0000:00:07.0: quirk: [io  0x4000-0x403f] claimed by PIIX4 ACPI
[    0.220022] pci 0000:00:07.0: quirk: [io  0x4100-0x410f] claimed by PIIX4 SMB
[    0.241180] ACPI: PCI Interrupt Link [LNKA] (IRQs 5 9 10 *11)
[    0.243137] ACPI: PCI Interrupt Link [LNKB] (IRQs 5 9 *10 11)
[    0.244238] ACPI: PCI Interrupt Link [LNKC] (IRQs 5 *9 10 11)
[    0.245933] ACPI: PCI Interrupt Link [LNKD] (IRQs 5 9 10 *11)
[    0.248635] SCSI subsystem initialized
[    0.249599] pci 0000:00:02.0: vgaarb: setting as boot VGA device
[    0.249599] pci 0000:00:02.0: vgaarb: VGA device added: decodes=io+mem,owns=io+mem,locks=none
[    0.252008] pci 0000:00:02.0: vgaarb: bridge control possible
[    0.252569] vgaarb: loaded
[    0.252915] ACPI: bus type USB registered
[    0.253326] usbcore: registered new interface driver usbfs
[    0.253884] usbcore: registered new interface driver hub
[    0.254421] usbcore: registered new device driver usb
[    0.256038] EDAC MC: Ver: 3.0.0
[    0.256277] PCI: Using ACPI for IRQ routing
[    0.256587] NetLabel: Initializing
[    0.256959] NetLabel:  domain hash size = 128
[    0.257403] NetLabel:  protocols = UNLABELED CIPSOv4 CALIPSO
[    0.257959] NetLabel:  unlabeled traffic allowed by default
[    0.260073] clocksource: Switched to clocksource kvm-clock
[    0.270105] VFS: Disk quotas dquot_6.6.0
[    0.270105] VFS: Dquot-cache hash table entries: 512 (order 0, 4096 bytes)
[    0.270105] AppArmor: AppArmor Filesystem Enabled
[    0.270105] pnp: PnP ACPI init
[    0.270105] pnp: PnP ACPI: found 3 devices
[    0.282734] clocksource: acpi_pm: mask: 0xffffff max_cycles: 0xffffff, max_idle_ns: 2085701024 ns
[    0.283594] NET: Registered protocol family 2
[    0.284166] TCP established hash table entries: 16384 (order: 5, 131072 bytes)
[    0.284878] TCP bind hash table entries: 16384 (order: 6, 262144 bytes)
[    0.285509] TCP: Hash tables configured (established 16384 bind 16384)
[    0.286692] UDP hash table entries: 1024 (order: 3, 32768 bytes)
[    0.287304] UDP-Lite hash table entries: 1024 (order: 3, 32768 bytes)
[    0.287944] NET: Registered protocol family 1
[    0.288410] pci 0000:00:00.0: Limiting direct PCI/PCI transfers
[    0.288979] pci 0000:00:01.0: Activating ISA DMA hang workarounds
[    0.289564] pci 0000:00:02.0: Video device with shadowed ROM at [mem 0x000c0000-0x000dffff]
[    0.290407] Unpacking initramfs...
[    0.292387] Freeing initrd memory: 19512K
[    0.292387] clocksource: tsc: mask: 0xffffffffffffffff max_cycles: 0x21173ebab99, max_idle_ns: 440795271727 ns
[    0.292387] platform rtc_cmos: registered platform RTC device (no PNP device found)
[    0.292387] Scanning for low memory corruption every 60 seconds
[    0.532039] Initialise system trusted keyrings
[    0.532995] Key type blacklist registered
[    0.533874] workingset: timestamp_bits=36 max_order=19 bucket_order=0
[    0.535322] zbud: loaded
[    0.537430] squashfs: version 4.0 (2009/01/31) Phillip Lougher
[    0.538901] fuse init (API version 7.26)
[    0.542180] Key type asymmetric registered
[    0.542628] Asymmetric key parser 'x509' registered
[    0.543181] Block layer SCSI generic (bsg) driver version 0.4 loaded (major 246)
[    0.544050] io scheduler noop registered
[    0.544933] io scheduler deadline registered
[    0.546021] io scheduler cfq registered (default)
[    0.547528] ACPI: AC Adapter [AC] (on-line)
[    0.548446] input: Power Button as /devices/LNXSYSTM:00/LNXPWRBN:00/input/input0
[    0.549892] ACPI: Power Button [PWRF]
[    0.550739] input: Sleep Button as /devices/LNXSYSTM:00/LNXSLPBN:00/input/input1
[    0.552145] ACPI: Sleep Button [SLPF]
[    0.554407] ACPI: Battery Slot [BAT0] (battery present)
[    0.555493] Serial: 8250/16550 driver, 32 ports, IRQ sharing enabled
[    0.578466] 00:02: ttyS0 at I/O 0x3f8 (irq = 4, base_baud = 115200) is a 16550A
[    0.581620] Linux agpgart interface v0.103
[    0.583501] loop: module loaded
[    0.584354] scsi host0: ata_piix
[    0.584882] scsi host1: ata_piix
[    0.585266] ata1: PATA max UDMA/33 cmd 0x1f0 ctl 0x3f6 bmdma 0xd000 irq 14
[    0.585961] ata2: PATA max UDMA/33 cmd 0x170 ctl 0x376 bmdma 0xd008 irq 15
[    0.586940] libphy: Fixed MDIO Bus: probed
[    0.587361] tun: Universal TUN/TAP device driver, 1.6
[    0.587941] PPP generic driver version 2.4.2
[    0.588489] ehci_hcd: USB 2.0 'Enhanced' Host Controller (EHCI) Driver
[    0.589129] ehci-pci: EHCI PCI platform driver
[    0.589591] ehci-platform: EHCI generic platform driver
[    0.590147] ohci_hcd: USB 1.1 'Open' Host Controller (OHCI) Driver
[    0.590763] ohci-pci: OHCI PCI platform driver
[    0.591227] ohci-platform: OHCI generic platform driver
[    0.591755] uhci_hcd: USB Universal Host Controller Interface driver
[    0.592464] i8042: PNP: PS/2 Controller [PNP0303:PS2K,PNP0f03:PS2M] at 0x60,0x64 irq 1,12
[    0.593634] serio: i8042 KBD port at 0x60,0x64 irq 1
[    0.594162] serio: i8042 AUX port at 0x60,0x64 irq 12
[    0.594796] mousedev: PS/2 mouse device common for all mice
[    0.595876] input: AT Translated Set 2 keyboard as /devices/platform/i8042/serio0/input/input2
[    0.596809] rtc_cmos rtc_cmos: rtc core: registered rtc_cmos as rtc0
[    0.597588] rtc_cmos rtc_cmos: alarms up to one day, 114 bytes nvram
[    0.598254] i2c /dev entries driver
[    0.598692] device-mapper: uevent: version 1.0.3
[    0.599260] device-mapper: ioctl: 4.37.0-ioctl (2017-09-20) initialised: dm-devel@redhat.com
[    0.600164] ledtrig-cpu: registered to indicate activity on CPUs
[    0.601243] NET: Registered protocol family 10
[    0.606142] Segment Routing with IPv6
[    0.606601] NET: Registered protocol family 17
[    0.607192] Key type dns_resolver registered
[    0.608408] mce: Using 0 MCE banks
[    0.609193] RAS: Correctable Errors collector initialized.
[    0.610365] sched_clock: Marking stable (608333432, 0)->(709826115, -101492683)
[    0.612363] registered taskstats version 1
[    0.613289] Loading compiled-in X.509 certificates
[    0.616435] Loaded X.509 cert 'Build time autogenerated kernel key: de118354fe72448b469776565e76ac30c08e8db2'
[    0.617819] Loaded X.509 cert 'Canonical Ltd. Live Patch Signing: 14df34d1a87cf37625abec039ef2bf521249b969'
[    0.619186] Loaded X.509 cert 'Canonical Ltd. Kernel Module Signing: 88f752e560a1e0737e31163a466ad7b70a850c19'
[    0.620149] zswap: loaded using pool lzo/zbud
[    0.626883] Key type big_key registered
[    0.627744] Key type trusted registered
[    0.630584] Key type encrypted registered
[    0.631021] AppArmor: AppArmor sha1 policy hashing enabled
[    0.631577] ima: No TPM chip found, activating TPM-bypass! (rc=-19)
[    0.632283] ima: Allocated hash algorithm: sha1
[    0.632770] evm: HMAC attrs: 0x1
[    0.633306]   Magic number: 9:306:533
[    0.633725] tty ttyS13: hash matches
[    0.634225] rtc_cmos rtc_cmos: setting system clock to 2021-06-06 13:32:50 UTC (1622986370)
[    0.635206] BIOS EDD facility v0.16 2004-Jun-25, 0 devices found
[    0.635841] EDD information not available.
[    1.163943] Freeing unused kernel image memory: 2444K
[    1.419229] Write protecting the kernel read-only data: 20480k
[    1.421978] Freeing unused kernel image memory: 2008K
[    1.423761] Freeing unused kernel image memory: 1828K
[    1.432455] x86/mm: Checked W+X mappings: passed, no W+X pages found.
Loading, please wait...
starting version 237
[    1.495863] e1000: Intel(R) PRO/1000 Network Driver - version 7.3.21-k8-NAPI
[    1.496473] e1000: Copyright (c) 1999-2006 Intel Corporation.
[    1.498157] Fusion MPT base driver 3.04.20
[    1.498594] Copyright (c) 1999-2008 LSI Corporation
[    1.502529] Fusion MPT SPI Host driver 3.04.20
[    1.509567] AVX2 version of gcm_enc/dec engaged.
[    1.509989] AES CTR mode by8 optimization enabled
[    1.706178] input: ImExPS/2 Generic Explorer Mouse as /devices/platform/i8042/serio1/input/input4
[    2.540093] e1000 0000:00:03.0 eth0: (PCI:33MHz:32-bit) 02:c3:ac:bf:e0:17
[    2.540726] e1000 0000:00:03.0 eth0: Intel(R) PRO/1000 Network Connection
[    3.264956] e1000 0000:00:08.0 eth1: (PCI:33MHz:32-bit) 08:00:27:d1:a3:b6
[    3.265618] e1000 0000:00:08.0 eth1: Intel(R) PRO/1000 Network Connection
[    3.267676] e1000 0000:00:03.0 enp0s3: renamed from eth0
[    3.268307] mptbase: ioc0: Initiating bringup
[    3.286757] e1000 0000:00:08.0 enp0s8: renamed from eth1
[    3.366593] ioc0: LSI53C1030 A0: Capabilities={Initiator}
[    3.610903] scsi host2: ioc0: LSI53C1030 A0, FwRev=00000000h, Ports=1, MaxQ=256, IRQ=20
[    3.780849] scsi 2:0:0:0: Direct-Access     VBOX     HARDDISK         1.0  PQ: 0 ANSI: 5
[    3.812164] scsi target2:0:0: Beginning Domain Validation
[    3.814931] scsi target2:0:0: Domain Validation skipping write tests
[    3.816468] scsi target2:0:0: Ending Domain Validation
[    3.817826] scsi target2:0:0: asynchronous
[    3.819455] scsi 2:0:1:0: Direct-Access     VBOX     HARDDISK         1.0  PQ: 0 ANSI: 5
[    4.332505] scsi target2:0:1: Beginning Domain Validation
[    4.335792] random: fast init done
[    4.336953] scsi target2:0:1: Domain Validation skipping write tests
[    4.339516] scsi target2:0:1: Ending Domain Validation
[    4.340716] scsi target2:0:1: asynchronous
[    4.347079] random: systemd-udevd: uninitialized urandom read (16 bytes read)
[    4.347320] sd 2:0:0:0: Attached scsi generic sg0 type 0
[    4.348488] random: systemd-udevd: uninitialized urandom read (16 bytes read)
[    4.349074] sd 2:0:0:0: [sda] 83886080 512-byte logical blocks: (42.9 GB/40.0 GiB)
[    4.350373] random: systemd-udevd: uninitialized urandom read (16 bytes read)
[    4.351148] sd 2:0:0:0: [sda] Write Protect is off
[    4.353095] sd 2:0:0:0: [sda] Incomplete mode parameter data
[    4.353128] sd 2:0:1:0: Attached scsi generic sg1 type 0
[    4.353600] sd 2:0:0:0: [sda] Assuming drive cache: write through
[    4.355313] sd 2:0:1:0: [sdb] 20480 512-byte logical blocks: (10.5 MB/10.0 MiB)
[    4.355999] sd 2:0:1:0: [sdb] Write Protect is off
[    4.356556] sd 2:0:1:0: [sdb] Incomplete mode parameter data
[    4.357131] sd 2:0:1:0: [sdb] Assuming drive cache: write through
[    4.357707]  sda: sda1
[    4.358764] sd 2:0:0:0: [sda] Attached SCSI disk
[    4.359935] sd 2:0:1:0: [sdb] Attached SCSI disk
Begin: Loading essential drivers ... [    5.776141] raid6: sse2x1   gen()  8327 MB/s
[    5.824082] raid6: sse2x1   xor()  7873 MB/s
[    5.872183] raid6: sse2x2   gen() 17019 MB/s
[    5.920139] raid6: sse2x2   xor() 10899 MB/s
[    5.968094] raid6: sse2x4   gen() 17559 MB/s
[    6.017957] raid6: sse2x4   xor()  9880 MB/s
[    6.064147] raid6: avx2x1   gen() 17814 MB/s
[    6.112150] raid6: avx2x1   xor() 14137 MB/s
[    6.160081] raid6: avx2x2   gen() 23862 MB/s
[    6.208090] raid6: avx2x2   xor() 15366 MB/s
[    6.256100] raid6: avx2x4   gen() 24690 MB/s
[    6.304156] raid6: avx2x4   xor() 13501 MB/s
[    6.304641] raid6: using algorithm avx2x4 gen() 24690 MB/s
[    6.305240] raid6: .... xor() 13501 MB/s, rmw enabled
[    6.305769] raid6: using avx2x2 recovery algorithm
[    6.308818] xor: automatically using best checksumming function   avx       
[    6.312111] async_tx: api initialized (async)
done.
Begin: Running /scripts/init-premount ... done.
Begin: Mounting root file system ... Begin: Running /scripts/local-top ... done.
Begin: Running /scripts/local-premount ... [    6.371130] Btrfs loaded, crc32c=crc32c-intel
Scanning for Btrfs filesystems
done.
Warning: fsck not present, so skipping root file system
[    6.402953] EXT4-fs (sda1): mounted filesystem with ordered data mode. Opts: (null)
done.
Begin: Running /scripts/local-bottom ... done.
Begin: Running /scripts/init-bottom ... done.
[    6.572800] ip_tables: (C) 2000-2006 Netfilter Core Team
[    6.580966] systemd[1]: systemd 237 running in system mode. (+PAM +AUDIT +SELINUX +IMA +APPARMOR +SMACK +SYSVINIT +UTMP +LIBCRYPTSETUP +GCRYPT +GNUTLS +ACL +XZ +LZ4 +SECCOMP +BLKID +ELFUTILS +KMOD -IDN2 +IDN -PCRE2 default-hierarchy=hybrid)
[    6.585275] systemd[1]: Detected virtualization oracle.
[    6.586630] systemd[1]: Detected architecture x86-64.

Welcome to [1mUbuntu 18.04.5 LTS[0m!

[    6.594415] systemd[1]: Set hostname to <ubuntu>.
[    6.596879] systemd[1]: Initializing machine ID from random generator.
[    6.598607] systemd[1]: Installed transient /etc/machine-id file.
[    6.863158] systemd[1]: Reached target Swap.
[[0;32m  OK  [0m] Reached target Swap.
[    6.865286] systemd[1]: Created slice User and Session Slice.
[[0;32m  OK  [0m] Created slice User and Session Slice.
[    6.866623] systemd[1]: Created slice System Slice.
[[0;32m  OK  [0m] Created slice System Slice.
[    6.867683] systemd[1]: Listening on LVM2 poll daemon socket.
[[0;32m  OK  [0m] Listening on LVM2 poll daemon socket.
[[0;32m  OK  [0m] Listening on Journal Socket.
         Starting Set the console keyboard layout...
         Mounting Huge Pages File System...
[[0;32m  OK  [0m] Listening on Device-mapper event daemon FIFOs.
         Mounting POSIX Message Queue File System...
[[0;32m  OK  [0m] Reached target Slices.
[[0;32m  OK  [0m] Listening on LVM2 metadata daemon socket.
         Starting Monitoring of LVM2 mirrors…ng dmeventd or progress polling...
[[0;32m  OK  [0m] Listening on udev Control Socket.
         Mounting Kernel Debug File System...
[[0;32m  OK  [0m] Listening on udev Kernel Socket.
         Starting udev Coldplug all Devices...
         Starting Uncomplicated firewall...
[[0;32m  OK  [0m] Listening on Syslog Socket.
[[0;32m  OK  [0m] Listening on Network Service Netlink Socket.
         Starting Load Kernel Modules...
[[0;32m  OK  [0m] Started Forward Password Requests to Wall Directory Watch.
[[0;32m  OK  [0m] Reached target User and Group Name Lookups.
         Starting Create list of required st…ce nodes for the current kernel...
[[0;32m  OK  [0m] Listening on fsck to fsckd communication Socket.
         Starting File System Check on Root Device...
[[0;32m  OK  [0m] Set up automount Arbitrary Executab…rmats File System Automount Point.
[    6.943726] Loading iSCSI transport class v2.0-870.
[    6.948526] iscsi: registered transport (tcp)
[    6.961271] iscsi: registered transport (iser)
[[0;32m  OK  [0m] Created slice system-serial\x2dgetty.slice.
[[0;32m  OK  [0m] Listening on Journal Audit Socket.
[[0;32m  OK  [0m] Listening on /dev/initctl Compatibility Named Pipe.
[[0;32m  OK  [0m] Listening on Journal Socket (/dev/log).
         Starting Journal Service...
[[0;32m  OK  [0m] Reached target System Time Synchronized.
[[0;32m  OK  [0m] Mounted Huge Pages File System.
[[0;32m  OK  [0m] Mounted POSIX Message Queue File System.
[[0;32m  OK  [0m] Mounted Kernel Debug File System.
[[0;32m  OK  [0m] Started Uncomplicated firewall.
[[0;32m  OK  [0m] Started Load Kernel Modules.
[[0;32m  OK  [0m] Started Create list of required sta…vice nodes for the current kernel.
[[0;32m  OK  [0m] Started LVM2 metadata daemon.
[[0;32m  OK  [0m] Started File System Check Daemon to report status.
         Starting Create Static Device Nodes in /dev...
         Starting Apply Kernel Variables...
         Mounting FUSE Control File System...
         Mounting Kernel Configuration File System...
[[0;32m  OK  [0m] Mounted FUSE Control File System.
[[0;32m  OK  [0m] Mounted Kernel Configuration File System.
[[0;32m  OK  [0m] Started Journal Service.
[[0;32m  OK  [0m] Started udev Coldplug all Devices.
[[0;32m  OK  [0m] Started Create Static Device Nodes in /dev.
[[0;32m  OK  [0m] Started File System Check on Root Device.
         Starting Remount Root and Kernel File Systems...
[[0;32m  OK  [0m] Started Monitoring of LVM2 mirrors,…sing dmeventd or progress polling.
[[0;32m  OK  [0m] Started Apply Kernel Variables.
[[0;32m  OK  [0m] Started Remount Root and Kernel File Systems.
         Starting udev Kernel Device Manager...
         Starting Load/Save Random Seed...
         Starting Flush Journal to Persistent Storage...
[[0;32m  OK  [0m] Started Set the console keyboard layout.
[[0;32m  OK  [0m] Reached target Local File Systems (Pre).
[[0;32m  OK  [0m] Reached target Local File Systems.
         Starting Set console font and keymap...
         Starting Commit a transient machine-id on disk...
         Starting Tell Plymouth To Write Out Runtime Data...
         Starting ebtables ruleset management...
         Starting AppArmor initialization...
[[0;32m  OK  [0m] Started Load/Save Random Seed.
[[0;32m  OK  [0m] Started udev Kernel Device Manager.
[[0;32m  OK  [0m] Started Dispatch Password Requests to Console Directory Watch.
[[0;32m  OK  [0m] Reached target Local Encrypted Volumes.
[[0;32m  OK  [0m] Started Set console font and keymap.
[[0;32m  OK  [0m] Started Tell Plymouth To Write Out Runtime Data.
[[0;32m  OK  [0m] Started Flush Journal to Persistent Storage.
         Starting Create Volatile Files and Directories...
[[0;32m  OK  [0m] Started Commit a transient machine-id on disk.
[[0;32m  OK  [0m] Started Create Volatile Files and Directories.
         Starting Update UTMP about System Boot/Shutdown...
[[0;32m  OK  [0m] Started Update UTMP about System Boot/Shutdown.
[[0;32m  OK  [0m] Started ebtables ruleset management.
[[0;32m  OK  [0m] Found device /dev/ttyS0.
[[0;32m  OK  [0m] Listening on Load/Save RF Kill Switch Status /dev/rfkill Watch.
[[0;32m  OK  [0m] Started AppArmor initialization.
         Starting Load AppArmor profiles managed internally by snapd...
         Starting Initial cloud-init job (pre-networking)...
[[0;32m  OK  [0m] Started Load AppArmor profiles managed internally by snapd.
[    9.153220] cloud-init[561]: Cloud-init v. 21.1-19-gbad84ad4-0ubuntu1~18.04.2 running 'init-local' at Sun, 06 Jun 2021 13:32:58 +0000. Up 8.81 seconds.
[[0;32m  OK  [0m] Started Initial cloud-init job (pre-networking).
[[0;32m  OK  [0m] Reached target Network (Pre).
         Starting Network Service...
[[0;32m  OK  [0m] Started Network Service.
         Starting Network Name Resolution...
         Starting Wait for Network to be Configured...
[[0;32m  OK  [0m] Started Network Name Resolution.
[[0;32m  OK  [0m] Reached target Host and Network Name Lookups.
[[0;32m  OK  [0m] Reached target Network.
[[0;32m  OK  [0m] Started Wait for Network to be Configured.
         Starting Initial cloud-init job (metadata service crawler)...
[   11.763677] cloud-init[672]: Cloud-init v. 21.1-19-gbad84ad4-0ubuntu1~18.04.2 running 'init' at Sun, 06 Jun 2021 13:33:01 +0000. Up 11.63 seconds.
[   11.766536] cloud-init[672]: ci-info: ++++++++++++++++++++++++++++++++++++++Net device info+++++++++++++++++++++++++++++++++++++++
[   11.767884] cloud-init[672]: ci-info: +--------+-------+----------------------------+---------------+--------+-------------------+
[   11.769306] cloud-init[672]: ci-info: | Device |   Up  |          Address           |      Mask     | Scope  |     Hw-Address    |
[   11.770816] cloud-init[672]: ci-info: +--------+-------+----------------------------+---------------+--------+-------------------+
[   11.771721] cloud-init[672]: ci-info: | enp0s3 |  True |         10.0.2.15          | 255.255.255.0 | global | 02:c3:ac:bf:e0:17 |
[   11.772448] cloud-init[672]: ci-info: | enp0s3 |  True | fe80::c3:acff:febf:e017/64 |       .       |  link  | 02:c3:ac:bf:e0:17 |
[   11.773126] cloud-init[672]: ci-info: | enp0s8 | False |             .              |       .       |   .    | 08:00:27:d1:a3:b6 |
[   11.784349] cloud-init[672]: ci-info: |   lo   |  True |         127.0.0.1          |   255.0.0.0   |  host  |         .         |
[   11.785994] cloud-init[672]: ci-info: |   lo   |  True |          ::1/128           |       .       |  host  |         .         |
[   11.787532] cloud-init[672]: ci-info: +--------+-------+----------------------------+---------------+--------+-------------------+
[   11.789742] cloud-init[672]: ci-info: ++++++++++++++++++++++++++++Route IPv4 info+++++++++++++++++++++++++++++
[   11.791255] cloud-init[672]: ci-info: +-------+-------------+----------+-----------------+-----------+-------+
[   11.793788] cloud-init[672]: ci-info: | Route | Destination | Gateway  |     Genmask     | Interface | Flags |
[   11.798392] cloud-init[672]: ci-info: +-------+-------------+----------+-----------------+-----------+-------+
[   11.799032] cloud-init[672]: ci-info: |   0   |   0.0.0.0   | 10.0.2.2 |     0.0.0.0     |   enp0s3  |   UG  |
[   11.799752] cloud-init[672]: ci-info: |   1   |   10.0.2.0  | 0.0.0.0  |  255.255.255.0  |   enp0s3  |   U   |
[   11.800283] cloud-init[672]: ci-info: |   2   |   10.0.2.2  | 0.0.0.0  | 255.255.255.255 |   enp0s3  |   UH  |
[   11.801038] cloud-init[672]: ci-info: +-------+-------------+----------+-----------------+-----------+-------+
[   11.801764] cloud-init[672]: ci-info: +++++++++++++++++++Route IPv6 info+++++++++++++++++++
[   11.802299] cloud-init[672]: ci-info: +-------+-------------+---------+-----------+-------+
[   11.802889] cloud-init[672]: ci-info: | Route | Destination | Gateway | Interface | Flags |
[   11.803545] cloud-init[672]: ci-info: +-------+-------------+---------+-----------+-------+
[   11.804317] cloud-init[672]: ci-info: |   1   |  fe80::/64  |    ::   |   enp0s3  |   U   |
[   11.804885] cloud-init[672]: ci-info: |   3   |    local    |    ::   |   enp0s3  |   U   |
[   11.805455] cloud-init[672]: ci-info: |   4   |   ff00::/8  |    ::   |   enp0s3  |   U   |
[   11.806053] cloud-init[672]: ci-info: +-------+-------------+---------+-----------+-------+
[   12.577996] cloud-init[672]: Generating public/private rsa key pair.
[   12.578644] cloud-init[672]: Your identification has been saved in /etc/ssh/ssh_host_rsa_key.
[   12.579279] cloud-init[672]: Your public key has been saved in /etc/ssh/ssh_host_rsa_key.pub.
[   12.580129] cloud-init[672]: The key fingerprint is:
[   12.580758] cloud-init[672]: SHA256:8EgUvlEGYc1Sbd+S98fMIcz3r0s7grzdDqqj6US5jk0 root@ubuntu-bionic
[   12.581375] cloud-init[672]: The key's randomart image is:
[   12.581850] cloud-init[672]: +---[RSA 2048]----+
[   12.582385] cloud-init[672]: |      *B+.       |
[   12.582790] cloud-init[672]: |     +.oo o      |
[   12.583198] cloud-init[672]: |      =. . .oo   |
[   12.592358] cloud-init[672]: |     . B    ++oo |
[   12.592695] cloud-init[672]: |      = S    oo=o|
[   12.592967] cloud-init[672]: |     . .        B|
[   12.593257] cloud-init[672]: |      E  . .. . o|
[   12.593507] cloud-init[672]: |     * .. oo.+...|
[   12.593770] cloud-init[672]: |    ..*..oo..o*+ |
[   12.594009] cloud-init[672]: +----[SHA256]-----+
[   12.594289] cloud-init[672]: Generating public/private dsa key pair.
[   12.594602] cloud-init[672]: Your identification has been saved in /etc/ssh/ssh_host_dsa_key.
[   12.595070] cloud-init[672]: Your public key has been saved in /etc/ssh/ssh_host_dsa_key.pub.
[   12.595562] cloud-init[672]: The key fingerprint is:
[   12.595897] cloud-init[672]: SHA256:uvA9BqkWfpXFGIAk+fZnQiciD0yOVCJGZTdQd0keQ10 root@ubuntu-bionic
[   12.604419] cloud-init[672]: The key's randomart image is:
[   12.604882] cloud-init[672]: +---[DSA 1024]----+
[   12.605271] cloud-init[672]: |o++B+=.oo*o .E   |
[   12.605730] cloud-init[672]: |o.=.o o +.o.     |
[   12.606120] cloud-init[672]: |.= .     =       |
[   12.606508] cloud-init[672]: |. = + o o o      |
[   12.606982] cloud-init[672]: |   = + +So       |
[   12.607416] cloud-init[672]: |    o =.=        |
[   12.607776] cloud-init[672]: |   ..o.*         |
[   12.608102] cloud-init[672]: |    +o.oo        |
[   12.608507] cloud-init[672]: |   . .o...       |
[   12.608945] cloud-init[672]: +----[SHA256]-----+
[   12.609349] cloud-init[672]: Generating public/private ecdsa key pair.
[   12.609808] cloud-init[672]: Your identification has been saved in /etc/ssh/ssh_host_ecdsa_key.
[   12.620452] cloud-init[672]: Your public key has been saved in /etc/ssh/ssh_host_ecdsa_key.pub.
[   12.621119] cloud-init[672]: The key fingerprint is:
[   12.632436] cloud-init[672]: SHA256:ac+KB/h82RqkxhNcuZZbrlVcXsovh9rclUA0lbo07vs root@ubuntu-bionic
[   12.633110] cloud-init[672]: The key's randomart image is:
[   12.633598] cloud-init[672]: +---[ECDSA 256]---+
[   12.634027] cloud-init[672]: |             o...|
[   12.634398] cloud-init[672]: |         .  . .. |
[   12.644428] cloud-init[672]: |        o    .o .|
[   12.644879] cloud-init[672]: |     . . + ..B o |
[   12.645254] cloud-init[672]: |     .o S . =.*  |
[   12.645609] cloud-init[672]: |    ...* * . o.o.|
[   12.645960] cloud-init[672]: |     o=.oo= . o.+|
[   12.646313] cloud-init[672]: |     .oo+=.  = +.|
[   12.646670] cloud-init[672]: |      .o+.  ..=E.|
[   12.647024] cloud-init[672]: +----[SHA256]-----+
[   12.647396] cloud-init[672]: Generating public/private ed25519 key pair.
[   12.647872] cloud-init[672]: Your identification has been saved in /etc/ssh/ssh_host_ed25519_key.
[   12.648427] cloud-init[672]: Your public key has been saved in /etc/ssh/ssh_host_ed25519_key.pub.
[   12.649014] cloud-init[672]: The key fingerprint is:
[   12.649403] cloud-init[672]: SHA256:OkXFBkbHxtMYGY+QkdvGhAKEGSuLgwvR/PdFOnZZP68 root@ubuntu-bionic
[   12.649983] cloud-init[672]: The key's randomart image is:
[   12.650394] cloud-init[672]: +--[ED25519 256]--+
[   12.650680] cloud-init[672]: |  .=o. .*X=*     |
[   12.651000] cloud-init[672]: | oo.  ..++@o.    |
[   12.660388] cloud-init[672]: |o +    ..Bo.o    |
[   12.660789] cloud-init[672]: |o+ .   ..o+o .   |
[   12.661106] cloud-init[672]: |*   . . S.+   o  |
[   12.661398] cloud-init[672]: |.o   . = +     o |
[   12.661689] cloud-init[672]: |.     o .       .|
[   12.662000] cloud-init[672]: |       .       . |
[   12.662347] cloud-init[672]: |              E  |
[[0;32m  OK  [0m[   12.662912] cloud-init[672]: +----[SHA256]-----+
] Started Initial cloud-init job (metadata service crawler).
[[0;32m  OK  [0m] Reached target Cloud-config availability.
[[0;32m  OK  [0m] Reached target Network is Online.
         Starting Availability of block devices...
[[0;32m  OK  [0m] Reached target Remote File Systems (Pre).
[[0;32m  OK  [0m] Reached target Remote File Systems.
[[0;32m  OK  [0m] Reached target System Initialization.
[[0;32m  OK  [0m] Started Daily apt download activities.
         Starting LXD - unix socket.
[[0;32m  OK  [0m] Started Ubuntu Advantage update messaging.
[[0;32m  OK  [0m] Started Message of the Day.
[[0;32m  OK  [0m] Listening on ACPID Listen Socket.
[[0;32m  OK  [0m] Listening on UUID daemon activation socket.
[[0;32m  OK  [0m] Listening on Open-iSCSI iscsid Socket.
[[0;32m  OK  [0m] Listening on D-Bus System Message Bus Socket.
         Starting Socket activation for snappy daemon.
[[0;32m  OK  [0m] Started Daily apt upgrade and clean activities.
[[0;32m  OK  [0m] Started ACPI Events Check.
[[0;32m  OK  [0m] Reached target Paths.
[[0;32m  OK  [0m] Started Discard unused blocks once a week.
[[0;32m  OK  [0m] Started Daily Cleanup of Temporary Directories.
[[0;32m  OK  [0m] Reached target Timers.
[[0;32m  OK  [0m] Listening on LXD - unix socket.
[[0;32m  OK  [0m] Listening on Socket activation for snappy daemon.
[[0;32m  OK  [0m] Reached target Sockets.
[[0;32m  OK  [0m] Reached target Basic System.
[[0;32m  OK  [0m] Started Deferred execution scheduler.
         Starting Virtualbox guest utils...
[[0;32m  OK  [0m] Started FUSE filesystem for LXC.
[[0;32m  OK  [0m] Started D-Bus System Message Bus.
         Starting Permit User Sessions...
         Starting LSB: automatic crash report generation...
[[0;32m  OK  [0m] Started Regular background program processing daemon.
         Starting LSB: Record successful boot for GRUB...
         Starting Pollinate to seed the pseudo random number generator...
         Starting System Logging Service...
         Starting Dispatcher daemon for systemd-networkd...
[[0;32m  OK  [0m] Started irqbalance daemon.
         Starting Login Service...
         Starting Snap Daemon...
         Starting Accounts Service...
         Starting LXD - container startup/shutdown...
[[0;32m  OK  [0m] Started Availability of block devices.
[[0;32m  OK  [0m] Started Permit User Sessions.
         Starting Terminate Plymouth Boot Screen...
         Starting Hold until boot process finishes up...
[[0;32m  OK  [0m] Started Hold until boot process finishes up.
[[0;32m  OK  [0m] Started Serial Getty on ttyS0.
         Starting Set console scheme...
[[0;32m  OK  [0m] Started Terminate Plymouth Boot Screen.
[[0;32m  OK  [0m] Started System Logging Service.
[[0;32m  OK  [0m] Started Login Service.
[[0;32m  OK  [0m] Started Unattended Upgrades Shutdown.
[[0;32m  OK  [0m] Started Set console scheme.
[[0;32m  OK  [0m] Created slice system-getty.slice.
[[0;32m  OK  [0m] Started Getty on tty1.
[[0;32m  OK  [0m] Reached target Login Prompts.
[[0;32m  OK  [0m] Started LSB: Record successful boot for GRUB.
[[0;32m  OK  [0m] Started LSB: automatic crash report generation.
         Starting Authorization Manager...
[[0;32m  OK  [0m] Started Authorization Manager.
[[0;32m  OK  [0m] Started Accounts Service.
[[0;32m  OK  [0m] Started Virtualbox guest utils.
[[0;32m  OK  [0m] Started LXD - container startup/shutdown.
[[0;32m  OK  [0m] Started Dispatcher daemon for systemd-networkd.
[[0;32m  OK  [0m] Started Snap Daemon.
         Starting Wait until snapd is fully seeded...
[[0;32m  OK  [0m] Started Pollinate to seed the pseudo random number generator.
         Starting OpenBSD Secure Shell server...
[[0;32m  OK  [0m] Started OpenBSD Secure Shell server.
[[0;32m  OK  [0m] Created slice User Slice of vagrant.
         Starting User Manager for UID 1000...
[[0;32m  OK  [0m] Started Session 1 of user vagrant.
[[0;32m  OK  [0m] Started User Manager for UID 1000.
[[0;32m  OK  [0m] Started Wait until snapd is fully seeded.
         Starting Apply the settings specified in cloud-config...
[[0;32m  OK  [0m] Reached target Multi-User System.
[[0;32m  OK  [0m] Reached target Graphical Interface.
         Starting Update UTMP about System Runlevel Changes...
[[0;32m  OK  [0m] Started Update UTMP about System Runlevel Changes.
[   17.267764] cloud-init[1312]: Cloud-init v. 21.1-19-gbad84ad4-0ubuntu1~18.04.2 running 'modules:config' at Sun, 06 Jun 2021 13:33:06 +0000. Up 16.84 seconds.
         Stopping User Manager for UID 1000...
[[0;32m  OK  [0m] Started Apply the settings specified in cloud-config.
         Starting Execute cloud user/final scripts...
[[0;32m  OK  [0m] Stopped User Manager for UID 1000.
[[0;32m  OK  [0m] Removed slice User Slice of vagrant.
[[0;32m  OK  [0m] Created slice User Slice of vagrant.
         Starting User Manager for UID 1000...
[[0;32m  OK  [0m] Started Session 3 of user vagrant.
[[0;32m  OK  [0m] Started User Manager for UID 1000.
ci-info: no authorized SSH keys fingerprints found for user ubuntu.
<14>Jun  6 13:33:07 ec2: 
<14>Jun  6 13:33:07 ec2: #############################################################
<14>Jun  6 13:33:07 ec2: -----BEGIN SSH HOST KEY FINGERPRINTS-----
<14>Jun  6 13:33:07 ec2: 1024 SHA256:uvA9BqkWfpXFGIAk+fZnQiciD0yOVCJGZTdQd0keQ10 root@ubuntu-bionic (DSA)
<14>Jun  6 13:33:07 ec2: 256 SHA256:ac+KB/h82RqkxhNcuZZbrlVcXsovh9rclUA0lbo07vs root@ubuntu-bionic (ECDSA)
<14>Jun  6 13:33:07 ec2: 256 SHA256:OkXFBkbHxtMYGY+QkdvGhAKEGSuLgwvR/PdFOnZZP68 root@ubuntu-bionic (ED25519)
<14>Jun  6 13:33:07 ec2: 2048 SHA256:8EgUvlEGYc1Sbd+S98fMIcz3r0s7grzdDqqj6US5jk0 root@ubuntu-bionic (RSA)
<14>Jun  6 13:33:07 ec2: -----END SSH HOST KEY FINGERPRINTS-----
<14>Jun  6 13:33:07 ec2: #############################################################
-----BEGIN SSH HOST KEY KEYS-----
ecdsa-sha2-nistp256 AAAAE2VjZHNhLXNoYTItbmlzdHAyNTYAAAAIbmlzdHAyNTYAAABBBCMUifRw7qHimGMLDurxmL4lA6RtWgT2tmSZSqHTxrGh9npb1DgjehEurElSLFEd+oRQAuSaNBTUIsC/0ybJ72A= root@ubuntu-bionic
ssh-ed25519 AAAAC3NzaC1lZDI1NTE5AAAAICtoqY06PWVuwjZ+evKOOw00ds2rjXzeBWwHVTOowpCe root@ubuntu-bionic
ssh-rsa AAAAB3NzaC1yc2EAAAADAQABAAABAQCgr0OGP8kLkd8fClJhgW4Yh67n+5gdhDQ/KaXWyACemD+Wvoy3A3BAM/XWx6v1YsOotqrjWC/8LrK3H+Xjld7NYypdIi06M7uqwM55NoTnqyzRZKg6Mk85gR+VaFIb4WtTsuxZeErYkM0EWF8LF0YjjM1kysq1CotzdwHonWbD59SaAm4BNgVw59M8mZVYiR+mv+iuN6+Mlukz+Nycss2tZByJ28AIfays4LZ4pmMtAvAshPNmrQrD61oot3QDG81C2RxHYFJKK4jeU+DuV+jwOVTy/sMxJiZ9Zfos3vykunshlbjZasAKVYAxmwJRYYk5ceHbHfGRnvdwE1ef1Wiz root@ubuntu-bionic
-----END SSH HOST KEY KEYS-----
[   17.868321] cloud-init[1475]: Cloud-init v. 21.1-19-gbad84ad4-0ubuntu1~18.04.2 running 'modules:final' at Sun, 06 Jun 2021 13:33:07 +0000. Up 17.71 seconds.
[   17.868433] cloud-init[1475]: ci-info: no authorized SSH keys fingerprints found for user ubuntu.
[   17.868816] cloud-init[1475]: Cloud-init v. 21.1-19-gbad84ad4-0ubuntu1~18.04.2 finished at Sun, 06 Jun 2021 13:33:07 +0000. Datasource DataSourceNoCloud [seed=/dev/sdb][dsmode=net].  Up 17.85 seconds

Ubuntu 18.04.5 LTS ubuntu-bionic ttyS0

ubuntu-bionic login:                                                                                                                                                                                                                                         